<?xml version="1.0" encoding="UTF-8"?>
<!-- Generated by org.testng.reporters.JUnitReportReporter -->
<testsuite hostname="DESKTOP-GF9T6EK" failures="0" tests="1" name="testng.LearnParamerterizedTestNg" time="0.000" errors="0" timestamp="2022-07-31T13:20:58 IST" skipped="1">
  <testcase classname="testng.LearnParamerterizedTestNg" name="parameterization" time="0.000">
    <skipped/>
  </testcase> <!-- parameterization -->
  <system-out/>
</testsuite> <!-- testng.LearnParamerterizedTestNg -->
