<?xml version="1.0" encoding="UTF-8"?>
<!-- Generated by org.testng.reporters.JUnitReportReporter -->
<testsuite hostname="DESKTOP-GF9T6EK" failures="0" tests="2" name="selenium.LearnAnnotationPriority" time="0.007" errors="0" timestamp="2022-07-27T20:52:48 IST" skipped="0">
  <testcase classname="selenium.LearnAnnotationPriority" name="MethodA" time="0.007"/>
  <system-out/>
  <testcase classname="selenium.LearnAnnotationPriority" name="MethodB" time="0.000"/>
  <system-out/>
</testsuite> <!-- selenium.LearnAnnotationPriority -->
