<?xml version="1.0" encoding="UTF-8"?>
<!-- Generated by org.testng.reporters.JUnitReportReporter -->
<testsuite hostname="DESKTOP-GF9T6EK" failures="0" tests="1" name="Parameter.JustTest" time="6.465" errors="0" timestamp="2022-07-29T07:38:40 IST" skipped="0">
  <testcase classname="Parameter.JustTest" name="abcd" time="6.465"/>
  <system-out/>
</testsuite> <!-- Parameter.JustTest -->
