<?xml version="1.0" encoding="UTF-8"?>
<!-- Generated by org.testng.reporters.JUnitReportReporter -->
<testsuite hostname="DESKTOP-GF9T6EK" failures="0" tests="2" name="selenium.LearnAnnotation" time="0.032" errors="0" timestamp="2022-07-27T22:24:38 IST" skipped="0">
  <testcase classname="selenium.LearnAnnotation" name="testCase2" time="0.016"/>
  <system-out/>
  <testcase classname="selenium.LearnAnnotation" name="testCase1" time="0.016"/>
  <system-out/>
</testsuite> <!-- selenium.LearnAnnotation -->
